          33
           1  -1.3200000000000000E+020
           2  -1.2400000000000000E+020
           3  -1.1600000000000000E+020
           4  -1.0800000000000000E+020
           5  -1.0000000000000000E+020
           6  -9.2000000000000000E+019
           7  -8.4000000000000000E+019
           8  -7.6000000000000000E+019
           9  -6.8000000000000000E+019
          10  -6.0000000000000000E+019
          11  -5.2000000000000000E+019
          12  -4.4000000000000000E+019
          13  -3.6000000000000000E+019
          14  -2.8000000000000000E+019
          15  -2.0000000000000000E+019
          16  -1.2000000000000000E+019
          17  -4.0000000000000000E+018
          18   4.0000000000000000E+018
          19   1.2000000000000000E+019
          20   2.0000000000000000E+019
          21   2.8000000000000000E+019
          22   3.6000000000000000E+019
          23   4.4000000000000000E+019
          24   5.2000000000000000E+019
          25   6.0000000000000000E+019
          26   6.8000000000000000E+019
          27   7.6000000000000000E+019
          28   8.4000000000000000E+019
          29   9.2000000000000000E+019
          30   1.0000000000000000E+020
          31   1.0800000000000000E+020
          32   1.1600000000000000E+020
          33   1.2400000000000000E+020
          34   1.3200000000000000E+020
          33
           1  -1.3200000000000000E+020
           2  -1.2400000000000000E+020
           3  -1.1600000000000000E+020
           4  -1.0800000000000000E+020
           5  -1.0000000000000000E+020
           6  -9.2000000000000000E+019
           7  -8.4000000000000000E+019
           8  -7.6000000000000000E+019
           9  -6.8000000000000000E+019
          10  -6.0000000000000000E+019
          11  -5.2000000000000000E+019
          12  -4.4000000000000000E+019
          13  -3.6000000000000000E+019
          14  -2.8000000000000000E+019
          15  -2.0000000000000000E+019
          16  -1.2000000000000000E+019
          17  -4.0000000000000000E+018
          18   4.0000000000000000E+018
          19   1.2000000000000000E+019
          20   2.0000000000000000E+019
          21   2.8000000000000000E+019
          22   3.6000000000000000E+019
          23   4.4000000000000000E+019
          24   5.2000000000000000E+019
          25   6.0000000000000000E+019
          26   6.8000000000000000E+019
          27   7.6000000000000000E+019
          28   8.4000000000000000E+019
          29   9.2000000000000000E+019
          30   1.0000000000000000E+020
          31   1.0800000000000000E+020
          32   1.1600000000000000E+020
          33   1.2400000000000000E+020
          34   1.3200000000000000E+020
          33
           1  -1.3200000000000000E+020
           2  -1.2400000000000000E+020
           3  -1.1600000000000000E+020
           4  -1.0800000000000000E+020
           5  -1.0000000000000000E+020
           6  -9.2000000000000000E+019
           7  -8.4000000000000000E+019
           8  -7.6000000000000000E+019
           9  -6.8000000000000000E+019
          10  -6.0000000000000000E+019
          11  -5.2000000000000000E+019
          12  -4.4000000000000000E+019
          13  -3.6000000000000000E+019
          14  -2.8000000000000000E+019
          15  -2.0000000000000000E+019
          16  -1.2000000000000000E+019
          17  -4.0000000000000000E+018
          18   4.0000000000000000E+018
          19   1.2000000000000000E+019
          20   2.0000000000000000E+019
          21   2.8000000000000000E+019
          22   3.6000000000000000E+019
          23   4.4000000000000000E+019
          24   5.2000000000000000E+019
          25   6.0000000000000000E+019
          26   6.8000000000000000E+019
          27   7.6000000000000000E+019
          28   8.4000000000000000E+019
          29   9.2000000000000000E+019
          30   1.0000000000000000E+020
          31   1.0800000000000000E+020
          32   1.1600000000000000E+020
          33   1.2400000000000000E+020
          34   1.3200000000000000E+020
