          33
           1  -1.0230000000000000E+019
           2  -9.6100000000000000E+018
           3  -8.9900000000000000E+018
           4  -8.3700000000000000E+018
           5  -7.7500000000000000E+018
           6  -7.1300000000000000E+018
           7  -6.5100000000000000E+018
           8  -5.8900000000000000E+018
           9  -5.2700000000000000E+018
          10  -4.6500000000000000E+018
          11  -4.0300000000000000E+018
          12  -3.4100000000000000E+018
          13  -2.7900000000000000E+018
          14  -2.1700000000000000E+018
          15  -1.5500000000000000E+018
          16  -9.3000000000000000E+017
          17  -3.1000000000000000E+017
          18   3.1000000000000000E+017
          19   9.3000000000000000E+017
          20   1.5500000000000000E+018
          21   2.1700000000000000E+018
          22   2.7900000000000000E+018
          23   3.4100000000000000E+018
          24   4.0300000000000000E+018
          25   4.6500000000000000E+018
          26   5.2700000000000000E+018
          27   5.8900000000000000E+018
          28   6.5100000000000000E+018
          29   7.1300000000000000E+018
          30   7.7500000000000000E+018
          31   8.3700000000000000E+018
          32   8.9900000000000000E+018
          33   9.6100000000000000E+018
          34   1.0230000000000000E+019
          33
           1  -1.0230000000000000E+019
           2  -9.6100000000000000E+018
           3  -8.9900000000000000E+018
           4  -8.3700000000000000E+018
           5  -7.7500000000000000E+018
           6  -7.1300000000000000E+018
           7  -6.5100000000000000E+018
           8  -5.8900000000000000E+018
           9  -5.2700000000000000E+018
          10  -4.6500000000000000E+018
          11  -4.0300000000000000E+018
          12  -3.4100000000000000E+018
          13  -2.7900000000000000E+018
          14  -2.1700000000000000E+018
          15  -1.5500000000000000E+018
          16  -9.3000000000000000E+017
          17  -3.1000000000000000E+017
          18   3.1000000000000000E+017
          19   9.3000000000000000E+017
          20   1.5500000000000000E+018
          21   2.1700000000000000E+018
          22   2.7900000000000000E+018
          23   3.4100000000000000E+018
          24   4.0300000000000000E+018
          25   4.6500000000000000E+018
          26   5.2700000000000000E+018
          27   5.8900000000000000E+018
          28   6.5100000000000000E+018
          29   7.1300000000000000E+018
          30   7.7500000000000000E+018
          31   8.3700000000000000E+018
          32   8.9900000000000000E+018
          33   9.6100000000000000E+018
          34   1.0230000000000000E+019
          33
           1  -1.0230000000000000E+019
           2  -9.6100000000000000E+018
           3  -8.9900000000000000E+018
           4  -8.3700000000000000E+018
           5  -7.7500000000000000E+018
           6  -7.1300000000000000E+018
           7  -6.5100000000000000E+018
           8  -5.8900000000000000E+018
           9  -5.2700000000000000E+018
          10  -4.6500000000000000E+018
          11  -4.0300000000000000E+018
          12  -3.4100000000000000E+018
          13  -2.7900000000000000E+018
          14  -2.1700000000000000E+018
          15  -1.5500000000000000E+018
          16  -9.3000000000000000E+017
          17  -3.1000000000000000E+017
          18   3.1000000000000000E+017
          19   9.3000000000000000E+017
          20   1.5500000000000000E+018
          21   2.1700000000000000E+018
          22   2.7900000000000000E+018
          23   3.4100000000000000E+018
          24   4.0300000000000000E+018
          25   4.6500000000000000E+018
          26   5.2700000000000000E+018
          27   5.8900000000000000E+018
          28   6.5100000000000000E+018
          29   7.1300000000000000E+018
          30   7.7500000000000000E+018
          31   8.3700000000000000E+018
          32   8.9900000000000000E+018
          33   9.6100000000000000E+018
          34   1.0230000000000000E+019
